342	3.000000	3/img_24977.jpg
471	4.000000	4/img_36095.jpg
929	9.000000	9/img_2114.jpg
100	1.000000	1/img_10009.jpg
543	5.000000	5/img_24446.jpg
231	2.000000	2/img_22708.jpg
154	1.000000	1/img_32739.jpg
450	4.000000	4/img_27900.jpg
721	7.000000	7/img_16464.jpg
788	7.000000	7/img_6164.jpg
685	6.000000	6/img_4977.jpg
61	0.000000	0/img_33516.jpg
526	5.000000	5/img_20974.jpg
69	0.000000	0/img_36296.jpg
569	5.000000	5/img_35466.jpg
400	4.000000	4/img_10367.jpg
807	8.000000	8/img_11967.jpg
326	3.000000	3/img_17855.jpg
662	6.000000	6/img_33448.jpg
220	2.000000	2/img_16205.jpg
524	5.000000	5/img_20271.jpg
165	1.000000	1/img_37431.jpg
291	2.000000	2/img_8347.jpg
45	0.000000	0/img_29984.jpg
550	5.000000	5/img_26734.jpg
670	6.000000	6/img_36098.jpg
902	9.000000	9/img_11315.jpg
651	6.000000	6/img_28527.jpg
622	6.000000	6/img_1805.jpg
211	2.000000	2/img_13654.jpg
542	5.000000	5/img_24433.jpg
925	9.000000	9/img_19276.jpg
757	7.000000	7/img_31181.jpg
225	2.000000	2/img_20042.jpg
576	5.000000	5/img_38316.jpg
369	3.000000	3/img_36209.jpg
822	8.000000	8/img_17011.jpg
915	9.000000	9/img_15426.jpg
679	6.000000	6/img_38367.jpg
860	8.000000	8/img_27862.jpg
557	5.000000	5/img_28967.jpg
863	8.000000	8/img_2930.jpg
223	2.000000	2/img_19277.jpg
566	5.000000	5/img_34200.jpg
554	5.000000	5/img_27459.jpg
31	0.000000	0/img_23673.jpg
280	2.000000	2/img_39527.jpg
428	4.000000	4/img_18605.jpg
831	8.000000	8/img_18992.jpg
791	7.000000	7/img_7267.jpg
94	0.000000	0/img_7574.jpg
1	0.000000	0/img_10856.jpg
33	0.000000	0/img_23998.jpg
133	1.000000	1/img_22401.jpg
276	2.000000	2/img_38168.jpg
908	9.000000	9/img_14237.jpg
904	9.000000	9/img_12163.jpg
912	9.000000	9/img_14810.jpg
898	8.000000	8/img_8968.jpg
293	2.000000	2/img_9065.jpg
236	2.000000	2/img_24525.jpg
753	7.000000	7/img_30373.jpg
175	1.000000	1/img_41668.jpg
459	4.000000	4/img_30503.jpg
340	3.000000	3/img_24170.jpg
899	8.000000	8/img_9858.jpg
32	0.000000	0/img_23796.jpg
810	8.000000	8/img_13110.jpg
610	6.000000	6/img_13917.jpg
131	1.000000	1/img_21790.jpg
498	4.000000	4/img_8851.jpg
152	1.000000	1/img_32390.jpg
491	4.000000	4/img_5754.jpg
976	9.000000	9/img_39184.jpg
759	7.000000	7/img_31804.jpg
684	6.000000	6/img_4413.jpg
120	1.000000	1/img_18012.jpg
503	5.000000	5/img_128.jpg
57	0.000000	0/img_31940.jpg
27	0.000000	0/img_21572.jpg
574	5.000000	5/img_38244.jpg
846	8.000000	8/img_23780.jpg
939	9.000000	9/img_25833.jpg
132	1.000000	1/img_21809.jpg
24	0.000000	0/img_20579.jpg
790	7.000000	7/img_7085.jpg
772	7.000000	7/img_36012.jpg
370	3.000000	3/img_36551.jpg
890	8.000000	8/img_41274.jpg
688	6.000000	6/img_5921.jpg
934	9.000000	9/img_2329.jpg
513	5.000000	5/img_16451.jpg
353	3.000000	3/img_28924.jpg
437	4.000000	4/img_20357.jpg
512	5.000000	5/img_16098.jpg
263	2.000000	2/img_32775.jpg
376	3.000000	3/img_39215.jpg
903	9.000000	9/img_11469.jpg
958	9.000000	9/img_33307.jpg
273	2.000000	2/img_37199.jpg
65	0.000000	0/img_34713.jpg
104	1.000000	1/img_11278.jpg
986	9.000000	9/img_4667.jpg
177	1.000000	1/img_4202.jpg
310	3.000000	3/img_12687.jpg
815	8.000000	8/img_13991.jpg
521	5.000000	5/img_18553.jpg
98	0.000000	0/img_9625.jpg
852	8.000000	8/img_25793.jpg
991	9.000000	9/img_6270.jpg
67	0.000000	0/img_35144.jpg
952	9.000000	9/img_29202.jpg
298	2.000000	2/img_9718.jpg
243	2.000000	2/img_26193.jpg
548	5.000000	5/img_26488.jpg
212	2.000000	2/img_13658.jpg
614	6.000000	6/img_14936.jpg
980	9.000000	9/img_40881.jpg
645	6.000000	6/img_27314.jpg
637	6.000000	6/img_25464.jpg
778	7.000000	7/img_38748.jpg
441	4.000000	4/img_23837.jpg
324	3.000000	3/img_17342.jpg
337	3.000000	3/img_22213.jpg
844	8.000000	8/img_22819.jpg
110	1.000000	1/img_12692.jpg
303	3.000000	3/img_10876.jpg
381	3.000000	3/img_3994.jpg
534	5.000000	5/img_22424.jpg
77	0.000000	0/img_38468.jpg
87	0.000000	0/img_4651.jpg
677	6.000000	6/img_38039.jpg
768	7.000000	7/img_3560.jpg
655	6.000000	6/img_2939.jpg
249	2.000000	2/img_28657.jpg
335	3.000000	3/img_20169.jpg
329	3.000000	3/img_18955.jpg
676	6.000000	6/img_37094.jpg
84	0.000000	0/img_41636.jpg
102	1.000000	1/img_10399.jpg
423	4.000000	4/img_17954.jpg
979	9.000000	9/img_40589.jpg
683	6.000000	6/img_41921.jpg
453	4.000000	4/img_28721.jpg
767	7.000000	7/img_35106.jpg
963	9.000000	9/img_3480.jpg
584	5.000000	5/img_3968.jpg
339	3.000000	3/img_23440.jpg
36	0.000000	0/img_26135.jpg
240	2.000000	2/img_25403.jpg
926	9.000000	9/img_19776.jpg
781	7.000000	7/img_39665.jpg
54	0.000000	0/img_30995.jpg
299	2.000000	2/img_981.jpg
256	2.000000	2/img_31311.jpg
463	4.000000	4/img_31637.jpg
978	9.000000	9/img_39272.jpg
872	8.000000	8/img_33120.jpg
167	1.000000	1/img_38866.jpg
563	5.000000	5/img_31553.jpg
442	4.000000	4/img_24000.jpg
700	7.000000	7/img_10116.jpg
639	6.000000	6/img_25656.jpg
966	9.000000	9/img_35881.jpg
255	2.000000	2/img_31178.jpg
927	9.000000	9/img_20003.jpg
765	7.000000	7/img_34487.jpg
532	5.000000	5/img_22203.jpg
385	3.000000	3/img_40752.jpg
893	8.000000	8/img_6386.jpg
170	1.000000	1/img_40107.jpg
665	6.000000	6/img_33981.jpg
776	7.000000	7/img_37779.jpg
380	3.000000	3/img_3986.jpg
533	5.000000	5/img_22290.jpg
201	2.000000	2/img_10254.jpg
945	9.000000	9/img_26999.jpg
66	0.000000	0/img_34959.jpg
192	1.000000	1/img_7119.jpg
784	7.000000	7/img_40799.jpg
306	3.000000	3/img_11393.jpg
464	4.000000	4/img_31685.jpg
982	9.000000	9/img_41354.jpg
972	9.000000	9/img_3832.jpg
546	5.000000	5/img_24670.jpg
344	3.000000	3/img_25267.jpg
287	2.000000	2/img_523.jpg
804	8.000000	8/img_11601.jpg
594	5.000000	5/img_7628.jpg
998	9.000000	9/img_8583.jpg
725	7.000000	7/img_17365.jpg
752	7.000000	7/img_30157.jpg
86	0.000000	0/img_4377.jpg
605	6.000000	6/img_12746.jpg
699	6.000000	6/img_9988.jpg
318	3.000000	3/img_15450.jpg
783	7.000000	7/img_40053.jpg
424	4.000000	4/img_1803.jpg
185	1.000000	1/img_6195.jpg
111	1.000000	1/img_13933.jpg
885	8.000000	8/img_39556.jpg
748	7.000000	7/img_25707.jpg
832	8.000000	8/img_19057.jpg
349	3.000000	3/img_27951.jpg
134	1.000000	1/img_22486.jpg
770	7.000000	7/img_35624.jpg
642	6.000000	6/img_26522.jpg
462	4.000000	4/img_3127.jpg
715	7.000000	7/img_15320.jpg
278	2.000000	2/img_39045.jpg
8	0.000000	0/img_12751.jpg
989	9.000000	9/img_6083.jpg
857	8.000000	8/img_27049.jpg
763	7.000000	7/img_33256.jpg
189	1.000000	1/img_6707.jpg
478	4.000000	4/img_38803.jpg
654	6.000000	6/img_29144.jpg
357	3.000000	3/img_30577.jpg
499	4.000000	4/img_9334.jpg
6	0.000000	0/img_12683.jpg
882	8.000000	8/img_38240.jpg
517	5.000000	5/img_17269.jpg
629	6.000000	6/img_21206.jpg
577	5.000000	5/img_38415.jpg
227	2.000000	2/img_20769.jpg
631	6.000000	6/img_21652.jpg
338	3.000000	3/img_23293.jpg
644	6.000000	6/img_27202.jpg
186	1.000000	1/img_6272.jpg
247	2.000000	2/img_27392.jpg
515	5.000000	5/img_1703.jpg
347	3.000000	3/img_27707.jpg
965	9.000000	9/img_35441.jpg
284	2.000000	2/img_4742.jpg
373	3.000000	3/img_37924.jpg
761	7.000000	7/img_32333.jpg
445	4.000000	4/img_24990.jpg
634	6.000000	6/img_23893.jpg
475	4.000000	4/img_36635.jpg
693	6.000000	6/img_756.jpg
18	0.000000	0/img_19021.jpg
529	5.000000	5/img_21777.jpg
309	3.000000	3/img_12214.jpg
163	1.000000	1/img_36715.jpg
181	1.000000	1/img_5067.jpg
806	8.000000	8/img_11853.jpg
894	8.000000	8/img_7010.jpg
140	1.000000	1/img_26883.jpg
430	4.000000	4/img_18877.jpg
967	9.000000	9/img_35895.jpg
732	7.000000	7/img_19697.jpg
387	3.000000	3/img_4512.jpg
799	7.000000	7/img_979.jpg
891	8.000000	8/img_41964.jpg
764	7.000000	7/img_3335.jpg
290	2.000000	2/img_8084.jpg
439	4.000000	4/img_21452.jpg
377	3.000000	3/img_39230.jpg
960	9.000000	9/img_33564.jpg
956	9.000000	9/img_32538.jpg
60	0.000000	0/img_33388.jpg
500	5.000000	5/img_10328.jpg
191	1.000000	1/img_6979.jpg
362	3.000000	3/img_32638.jpg
751	7.000000	7/img_28535.jpg
875	8.000000	8/img_34546.jpg
289	2.000000	2/img_7599.jpg
456	4.000000	4/img_29210.jpg
393	3.000000	3/img_7101.jpg
671	6.000000	6/img_36211.jpg
354	3.000000	3/img_29594.jpg
547	5.000000	5/img_25595.jpg
954	9.000000	9/img_30355.jpg
572	5.000000	5/img_36942.jpg
218	2.000000	2/img_15899.jpg
847	8.000000	8/img_23966.jpg
374	3.000000	3/img_38912.jpg
15	0.000000	0/img_17722.jpg
460	4.000000	4/img_30813.jpg
680	6.000000	6/img_39622.jpg
153	1.000000	1/img_3266.jpg
248	2.000000	2/img_28263.jpg
736	7.000000	7/img_21270.jpg
145	1.000000	1/img_28715.jpg
117	1.000000	1/img_16761.jpg
403	4.000000	4/img_11696.jpg
397	3.000000	3/img_8611.jpg
560	5.000000	5/img_3089.jpg
508	5.000000	5/img_13361.jpg
417	4.000000	4/img_15871.jpg
239	2.000000	2/img_25306.jpg
241	2.000000	2/img_25607.jpg
203	2.000000	2/img_10546.jpg
75	0.000000	0/img_37533.jpg
172	1.000000	1/img_40834.jpg
869	8.000000	8/img_31330.jpg
297	2.000000	2/img_9538.jpg
591	5.000000	5/img_5975.jpg
743	7.000000	7/img_24179.jpg
226	2.000000	2/img_20418.jpg
473	4.000000	4/img_36169.jpg
80	0.000000	0/img_38984.jpg
52	0.000000	0/img_30734.jpg
135	1.000000	1/img_23058.jpg
942	9.000000	9/img_26127.jpg
724	7.000000	7/img_1724.jpg
541	5.000000	5/img_24158.jpg
414	4.000000	4/img_15464.jpg
673	6.000000	6/img_36289.jpg
408	4.000000	4/img_13511.jpg
729	7.000000	7/img_19258.jpg
809	8.000000	8/img_12567.jpg
595	5.000000	5/img_8878.jpg
897	8.000000	8/img_7992.jpg
302	3.000000	3/img_1072.jpg
497	4.000000	4/img_8135.jpg
868	8.000000	8/img_31188.jpg
176	1.000000	1/img_41796.jpg
432	4.000000	4/img_1960.jpg
431	4.000000	4/img_19406.jpg
695	6.000000	6/img_8001.jpg
603	6.000000	6/img_11872.jpg
25	0.000000	0/img_21184.jpg
138	1.000000	1/img_26523.jpg
527	5.000000	5/img_2125.jpg
107	1.000000	1/img_11915.jpg
204	2.000000	2/img_1063.jpg
267	2.000000	2/img_33867.jpg
993	9.000000	9/img_6539.jpg
726	7.000000	7/img_17697.jpg
814	8.000000	8/img_13813.jpg
943	9.000000	9/img_2634.jpg
999	9.000000	9/img_9589.jpg
183	1.000000	1/img_5281.jpg
304	3.000000	3/img_11110.jpg
319	3.000000	3/img_15620.jpg
556	5.000000	5/img_28884.jpg
70	0.000000	0/img_36634.jpg
523	5.000000	5/img_19196.jpg
130	1.000000	1/img_21489.jpg
210	2.000000	2/img_13528.jpg
716	7.000000	7/img_15563.jpg
336	3.000000	3/img_2021.jpg
190	1.000000	1/img_6780.jpg
787	7.000000	7/img_6099.jpg
17	0.000000	0/img_17899.jpg
917	9.000000	9/img_16028.jpg
995	9.000000	9/img_6802.jpg
801	8.000000	8/img_10564.jpg
888	8.000000	8/img_40833.jpg
668	6.000000	6/img_35014.jpg
434	4.000000	4/img_19893.jpg
803	8.000000	8/img_11151.jpg
848	8.000000	8/img_24418.jpg
479	4.000000	4/img_38817.jpg
179	1.000000	1/img_4741.jpg
834	8.000000	8/img_20094.jpg
575	5.000000	5/img_38300.jpg
187	1.000000	1/img_642.jpg
502	5.000000	5/img_12755.jpg
467	4.000000	4/img_32596.jpg
559	5.000000	5/img_30490.jpg
315	3.000000	3/img_14439.jpg
938	9.000000	9/img_25354.jpg
265	2.000000	2/img_33173.jpg
395	3.000000	3/img_7441.jpg
136	1.000000	1/img_23063.jpg
194	1.000000	1/img_7556.jpg
649	6.000000	6/img_28150.jpg
114	1.000000	1/img_15.jpg
873	8.000000	8/img_3356.jpg
58	0.000000	0/img_33028.jpg
866	8.000000	8/img_29884.jpg
910	9.000000	9/img_14477.jpg
900	9.000000	9/img_11052.jpg
392	3.000000	3/img_6914.jpg
657	6.000000	6/img_29948.jpg
881	8.000000	8/img_37890.jpg
10	0.000000	0/img_14159.jpg
29	0.000000	0/img_22611.jpg
261	2.000000	2/img_32450.jpg
643	6.000000	6/img_2662.jpg
696	6.000000	6/img_8380.jpg
292	2.000000	2/img_9024.jpg
285	2.000000	2/img_5170.jpg
879	8.000000	8/img_3683.jpg
398	3.000000	3/img_9262.jpg
909	9.000000	9/img_14464.jpg
549	5.000000	5/img_26622.jpg
514	5.000000	5/img_16586.jpg
449	4.000000	4/img_277.jpg
613	6.000000	6/img_14607.jpg
794	7.000000	7/img_8056.jpg
268	2.000000	2/img_34184.jpg
940	9.000000	9/img_2586.jpg
587	5.000000	5/img_4647.jpg
583	5.000000	5/img_39598.jpg
755	7.000000	7/img_30709.jpg
535	5.000000	5/img_22555.jpg
565	5.000000	5/img_33645.jpg
386	3.000000	3/img_41542.jpg
588	5.000000	5/img_4669.jpg
73	0.000000	0/img_37106.jpg
984	9.000000	9/img_41600.jpg
985	9.000000	9/img_4467.jpg
628	6.000000	6/img_20311.jpg
701	7.000000	7/img_10177.jpg
733	7.000000	7/img_20807.jpg
484	4.000000	4/img_40364.jpg
56	0.000000	0/img_31522.jpg
205	2.000000	2/img_10778.jpg
851	8.000000	8/img_25606.jpg
886	8.000000	8/img_40032.jpg
586	5.000000	5/img_4545.jpg
146	1.000000	1/img_28882.jpg
627	6.000000	6/img_20147.jpg
105	1.000000	1/img_11309.jpg
72	0.000000	0/img_37081.jpg
930	9.000000	9/img_21996.jpg
64	0.000000	0/img_34269.jpg
270	2.000000	2/img_35298.jpg
959	9.000000	9/img_33427.jpg
325	3.000000	3/img_17578.jpg
250	2.000000	2/img_28748.jpg
229	2.000000	2/img_21437.jpg
406	4.000000	4/img_12470.jpg
101	1.000000	1/img_10088.jpg
415	4.000000	4/img_15674.jpg
589	5.000000	5/img_5227.jpg
625	6.000000	6/img_18525.jpg
367	3.000000	3/img_35697.jpg
420	4.000000	4/img_17424.jpg
438	4.000000	4/img_20465.jpg
4	0.000000	0/img_12226.jpg
490	4.000000	4/img_4337.jpg
740	7.000000	7/img_23253.jpg
0	0.000000	0/img_10155.jpg
539	5.000000	5/img_23901.jpg
660	6.000000	6/img_32237.jpg
552	5.000000	5/img_2727.jpg
538	5.000000	5/img_23764.jpg
708	7.000000	7/img_12849.jpg
382	3.000000	3/img_4025.jpg
711	7.000000	7/img_14671.jpg
404	4.000000	4/img_11848.jpg
126	1.000000	1/img_2106.jpg
429	4.000000	4/img_18810.jpg
507	5.000000	5/img_13128.jpg
970	9.000000	9/img_36768.jpg
828	8.000000	8/img_18763.jpg
618	6.000000	6/img_16240.jpg
608	6.000000	6/img_13720.jpg
169	1.000000	1/img_3959.jpg
928	9.000000	9/img_20078.jpg
506	5.000000	5/img_13060.jpg
855	8.000000	8/img_26740.jpg
207	2.000000	2/img_12242.jpg
975	9.000000	9/img_39165.jpg
363	3.000000	3/img_33180.jpg
919	9.000000	9/img_16493.jpg
564	5.000000	5/img_32129.jpg
597	5.000000	5/img_9186.jpg
802	8.000000	8/img_106.jpg
624	6.000000	6/img_18513.jpg
323	3.000000	3/img_16938.jpg
825	8.000000	8/img_17688.jpg
876	8.000000	8/img_35056.jpg
314	3.000000	3/img_13807.jpg
528	5.000000	5/img_21550.jpg
728	7.000000	7/img_18275.jpg
520	5.000000	5/img_18024.jpg
840	8.000000	8/img_2115.jpg
93	0.000000	0/img_7402.jpg
159	1.000000	1/img_34725.jpg
796	7.000000	7/img_9326.jpg
842	8.000000	8/img_21720.jpg
481	4.000000	4/img_39171.jpg
918	9.000000	9/img_16221.jpg
21	0.000000	0/img_19928.jpg
451	4.000000	4/img_28359.jpg
585	5.000000	5/img_41643.jpg
350	3.000000	3/img_28503.jpg
283	2.000000	2/img_41461.jpg
320	3.000000	3/img_16055.jpg
394	3.000000	3/img_7240.jpg
962	9.000000	9/img_34404.jpg
142	1.000000	1/img_27595.jpg
573	5.000000	5/img_37949.jpg
892	8.000000	8/img_4918.jpg
476	4.000000	4/img_37579.jpg
769	7.000000	7/img_35617.jpg
607	6.000000	6/img_13292.jpg
141	1.000000	1/img_27557.jpg
544	5.000000	5/img_2450.jpg
421	4.000000	4/img_17513.jpg
551	5.000000	5/img_27001.jpg
714	7.000000	7/img_15318.jpg
947	9.000000	9/img_2844.jpg
950	9.000000	9/img_28630.jpg
368	3.000000	3/img_3575.jpg
606	6.000000	6/img_12828.jpg
41	0.000000	0/img_29558.jpg
482	4.000000	4/img_3938.jpg
137	1.000000	1/img_24742.jpg
493	4.000000	4/img_6044.jpg
774	7.000000	7/img_3659.jpg
878	8.000000	8/img_35887.jpg
682	6.000000	6/img_419.jpg
206	2.000000	2/img_11467.jpg
119	1.000000	1/img_17890.jpg
501	5.000000	5/img_11477.jpg
971	9.000000	9/img_36838.jpg
383	3.000000	3/img_40531.jpg
739	7.000000	7/img_23062.jpg
294	2.000000	2/img_9087.jpg
719	7.000000	7/img_16319.jpg
616	6.000000	6/img_15733.jpg
352	3.000000	3/img_28850.jpg
487	4.000000	4/img_41296.jpg
279	2.000000	2/img_39364.jpg
46	0.000000	0/img_30069.jpg
416	4.000000	4/img_15817.jpg
973	9.000000	9/img_38340.jpg
762	7.000000	7/img_33189.jpg
494	4.000000	4/img_6229.jpg
286	2.000000	2/img_5220.jpg
19	0.000000	0/img_19166.jpg
983	9.000000	9/img_41540.jpg
251	2.000000	2/img_29195.jpg
78	0.000000	0/img_38890.jpg
570	5.000000	5/img_36348.jpg
812	8.000000	8/img_13682.jpg
99	0.000000	0/img_985.jpg
511	5.000000	5/img_16004.jpg
252	2.000000	2/img_29562.jpg
418	4.000000	4/img_15978.jpg
578	5.000000	5/img_38481.jpg
883	8.000000	8/img_39349.jpg
348	3.000000	3/img_27714.jpg
933	9.000000	9/img_22595.jpg
924	9.000000	9/img_19193.jpg
816	8.000000	8/img_14185.jpg
332	3.000000	3/img_19574.jpg
372	3.000000	3/img_37215.jpg
407	4.000000	4/img_12842.jpg
295	2.000000	2/img_9220.jpg
826	8.000000	8/img_17791.jpg
264	2.000000	2/img_32940.jpg
42	0.000000	0/img_29624.jpg
364	3.000000	3/img_33281.jpg
76	0.000000	0/img_38176.jpg
858	8.000000	8/img_2708.jpg
510	5.000000	5/img_15120.jpg
271	2.000000	2/img_35699.jpg
635	6.000000	6/img_23929.jpg
345	3.000000	3/img_26071.jpg
477	4.000000	4/img_37981.jpg
22	0.000000	0/img_20022.jpg
413	4.000000	4/img_15303.jpg
244	2.000000	2/img_26231.jpg
530	5.000000	5/img_22138.jpg
219	2.000000	2/img_15997.jpg
379	3.000000	3/img_39827.jpg
678	6.000000	6/img_3818.jpg
173	1.000000	1/img_41184.jpg
626	6.000000	6/img_18894.jpg
758	7.000000	7/img_31446.jpg
95	0.000000	0/img_9288.jpg
425	4.000000	4/img_18045.jpg
652	6.000000	6/img_28780.jpg
180	1.000000	1/img_4947.jpg
600	6.000000	6/img_11060.jpg
246	2.000000	2/img_2703.jpg
582	5.000000	5/img_39568.jpg
28	0.000000	0/img_21934.jpg
853	8.000000	8/img_26202.jpg
782	7.000000	7/img_40031.jpg
401	4.000000	4/img_10402.jpg
409	4.000000	4/img_13538.jpg
686	6.000000	6/img_5009.jpg
222	2.000000	2/img_1866.jpg
259	2.000000	2/img_32347.jpg
272	2.000000	2/img_37066.jpg
601	6.000000	6/img_11257.jpg
944	9.000000	9/img_26777.jpg
446	4.000000	4/img_26730.jpg
199	1.000000	1/img_8914.jpg
690	6.000000	6/img_684.jpg
390	3.000000	3/img_6094.jpg
435	4.000000	4/img_20020.jpg
62	0.000000	0/img_33525.jpg
509	5.000000	5/img_13548.jpg
746	7.000000	7/img_25341.jpg
7	0.000000	0/img_12737.jpg
650	6.000000	6/img_28214.jpg
835	8.000000	8/img_20122.jpg
905	9.000000	9/img_12403.jpg
43	0.000000	0/img_29706.jpg
856	8.000000	8/img_26977.jpg
936	9.000000	9/img_23766.jpg
531	5.000000	5/img_22190.jpg
996	9.000000	9/img_6959.jpg
16	0.000000	0/img_17756.jpg
805	8.000000	8/img_1178.jpg
850	8.000000	8/img_25398.jpg
156	1.000000	1/img_33378.jpg
274	2.000000	2/img_37828.jpg
321	3.000000	3/img_16134.jpg
647	6.000000	6/img_27611.jpg
322	3.000000	3/img_16497.jpg
697	6.000000	6/img_860.jpg
83	0.000000	0/img_40227.jpg
433	4.000000	4/img_19791.jpg
620	6.000000	6/img_17750.jpg
157	1.000000	1/img_33553.jpg
611	6.000000	6/img_13947.jpg
798	7.000000	7/img_9419.jpg
160	1.000000	1/img_35093.jpg
687	6.000000	6/img_570.jpg
333	3.000000	3/img_19692.jpg
196	1.000000	1/img_7827.jpg
448	4.000000	4/img_27469.jpg
312	3.000000	3/img_12818.jpg
313	3.000000	3/img_13639.jpg
672	6.000000	6/img_36217.jpg
896	8.000000	8/img_7964.jpg
122	1.000000	1/img_18549.jpg
328	3.000000	3/img_18648.jpg
375	3.000000	3/img_3908.jpg
703	7.000000	7/img_10692.jpg
849	8.000000	8/img_25229.jpg
11	0.000000	0/img_14518.jpg
474	4.000000	4/img_36269.jpg
238	2.000000	2/img_24751.jpg
705	7.000000	7/img_11741.jpg
40	0.000000	0/img_28714.jpg
747	7.000000	7/img_25378.jpg
109	1.000000	1/img_12378.jpg
795	7.000000	7/img_8663.jpg
845	8.000000	8/img_23554.jpg
619	6.000000	6/img_1630.jpg
30	0.000000	0/img_22857.jpg
262	2.000000	2/img_32490.jpg
602	6.000000	6/img_11495.jpg
760	7.000000	7/img_3223.jpg
702	7.000000	7/img_103.jpg
504	5.000000	5/img_12819.jpg
968	9.000000	9/img_3652.jpg
829	8.000000	8/img_18780.jpg
522	5.000000	5/img_18790.jpg
990	9.000000	9/img_6144.jpg
489	4.000000	4/img_41509.jpg
920	9.000000	9/img_16961.jpg
646	6.000000	6/img_27449.jpg
480	4.000000	4/img_39048.jpg
707	7.000000	7/img_12363.jpg
91	0.000000	0/img_6294.jpg
561	5.000000	5/img_31392.jpg
115	1.000000	1/img_15323.jpg
518	5.000000	5/img_17518.jpg
230	2.000000	2/img_21618.jpg
14	0.000000	0/img_16928.jpg
35	0.000000	0/img_24489.jpg
234	2.000000	2/img_23710.jpg
356	3.000000	3/img_3044.jpg
232	2.000000	2/img_22749.jpg
288	2.000000	2/img_547.jpg
483	4.000000	4/img_39772.jpg
118	1.000000	1/img_16829.jpg
330	3.000000	3/img_18982.jpg
496	4.000000	4/img_6752.jpg
661	6.000000	6/img_33260.jpg
951	9.000000	9/img_28908.jpg
388	3.000000	3/img_5450.jpg
691	6.000000	6/img_7096.jpg
366	3.000000	3/img_34037.jpg
174	1.000000	1/img_4145.jpg
931	9.000000	9/img_22132.jpg
797	7.000000	7/img_9383.jpg
741	7.000000	7/img_23671.jpg
813	8.000000	8/img_13766.jpg
880	8.000000	8/img_37880.jpg
580	5.000000	5/img_39339.jpg
977	9.000000	9/img_3920.jpg
780	7.000000	7/img_39530.jpg
718	7.000000	7/img_16140.jpg
300	3.000000	3/img_10193.jpg
90	0.000000	0/img_5974.jpg
108	1.000000	1/img_12142.jpg
492	4.000000	4/img_6002.jpg
158	1.000000	1/img_34359.jpg
937	9.000000	9/img_2390.jpg
20	0.000000	0/img_19712.jpg
426	4.000000	4/img_18497.jpg
452	4.000000	4/img_28606.jpg
47	0.000000	0/img_30150.jpg
71	0.000000	0/img_36652.jpg
89	0.000000	0/img_5815.jpg
359	3.000000	3/img_31177.jpg
440	4.000000	4/img_2162.jpg
469	4.000000	4/img_35250.jpg
992	9.000000	9/img_6321.jpg
777	7.000000	7/img_38243.jpg
228	2.000000	2/img_21415.jpg
630	6.000000	6/img_21432.jpg
592	5.000000	5/img_6514.jpg
710	7.000000	7/img_14066.jpg
128	1.000000	1/img_21265.jpg
308	3.000000	3/img_11763.jpg
895	8.000000	8/img_7639.jpg
113	1.000000	1/img_14878.jpg
516	5.000000	5/img_17185.jpg
738	7.000000	7/img_22697.jpg
598	5.000000	5/img_9596.jpg
887	8.000000	8/img_40773.jpg
139	1.000000	1/img_26721.jpg
648	6.000000	6/img_2770.jpg
468	4.000000	4/img_32911.jpg
640	6.000000	6/img_25823.jpg
74	0.000000	0/img_3751.jpg
884	8.000000	8/img_39445.jpg
562	5.000000	5/img_31398.jpg
590	5.000000	5/img_5496.jpg
615	6.000000	6/img_15039.jpg
824	8.000000	8/img_171.jpg
217	2.000000	2/img_15740.jpg
200	2.000000	2/img_10145.jpg
457	4.000000	4/img_2972.jpg
391	3.000000	3/img_615.jpg
389	3.000000	3/img_6025.jpg
994	9.000000	9/img_6550.jpg
941	9.000000	9/img_25994.jpg
964	9.000000	9/img_35229.jpg
327	3.000000	3/img_18321.jpg
720	7.000000	7/img_16410.jpg
13	0.000000	0/img_16422.jpg
907	9.000000	9/img_13386.jpg
3	0.000000	0/img_11483.jpg
713	7.000000	7/img_14852.jpg
162	1.000000	1/img_36565.jpg
147	1.000000	1/img_28983.jpg
953	9.000000	9/img_29274.jpg
360	3.000000	3/img_31261.jpg
632	6.000000	6/img_22459.jpg
709	7.000000	7/img_12992.jpg
756	7.000000	7/img_31000.jpg
85	0.000000	0/img_4314.jpg
188	1.000000	1/img_648.jpg
745	7.000000	7/img_25110.jpg
34	0.000000	0/img_24337.jpg
454	4.000000	4/img_28996.jpg
689	6.000000	6/img_6385.jpg
331	3.000000	3/img_19369.jpg
361	3.000000	3/img_32121.jpg
948	9.000000	9/img_28455.jpg
88	0.000000	0/img_5480.jpg
23	0.000000	0/img_20131.jpg
961	9.000000	9/img_33615.jpg
838	8.000000	8/img_2087.jpg
830	8.000000	8/img_18988.jpg
659	6.000000	6/img_30348.jpg
305	3.000000	3/img_11219.jpg
864	8.000000	8/img_29739.jpg
81	0.000000	0/img_39690.jpg
669	6.000000	6/img_35437.jpg
9	0.000000	0/img_14062.jpg
957	9.000000	9/img_32877.jpg
237	2.000000	2/img_24717.jpg
301	3.000000	3/img_10601.jpg
571	5.000000	5/img_36734.jpg
932	9.000000	9/img_22573.jpg
38	0.000000	0/img_27972.jpg
311	3.000000	3/img_1273.jpg
921	9.000000	9/img_18542.jpg
2	0.000000	0/img_11310.jpg
277	2.000000	2/img_38337.jpg
839	8.000000	8/img_20991.jpg
987	9.000000	9/img_501.jpg
233	2.000000	2/img_233.jpg
195	1.000000	1/img_7704.jpg
97	0.000000	0/img_9599.jpg
727	7.000000	7/img_18168.jpg
266	2.000000	2/img_33488.jpg
836	8.000000	8/img_2032.jpg
275	2.000000	2/img_38088.jpg
612	6.000000	6/img_14074.jpg
79	0.000000	0/img_38917.jpg
422	4.000000	4/img_17547.jpg
213	2.000000	2/img_14011.jpg
148	1.000000	1/img_30021.jpg
427	4.000000	4/img_1854.jpg
808	8.000000	8/img_12496.jpg
593	5.000000	5/img_7616.jpg
621	6.000000	6/img_18027.jpg
198	1.000000	1/img_8911.jpg
536	5.000000	5/img_23124.jpg
997	9.000000	9/img_7943.jpg
870	8.000000	8/img_32417.jpg
906	9.000000	9/img_13007.jpg
461	4.000000	4/img_30848.jpg
821	8.000000	8/img_16064.jpg
436	4.000000	4/img_20196.jpg
553	5.000000	5/img_27270.jpg
37	0.000000	0/img_26299.jpg
901	9.000000	9/img_11230.jpg
750	7.000000	7/img_26154.jpg
704	7.000000	7/img_11653.jpg
68	0.000000	0/img_35183.jpg
257	2.000000	2/img_31599.jpg
125	1.000000	1/img_20506.jpg
92	0.000000	0/img_6722.jpg
656	6.000000	6/img_29453.jpg
216	2.000000	2/img_15650.jpg
143	1.000000	1/img_27777.jpg
827	8.000000	8/img_17821.jpg
96	0.000000	0/img_9486.jpg
161	1.000000	1/img_35370.jpg
254	2.000000	2/img_29854.jpg
202	2.000000	2/img_10513.jpg
48	0.000000	0/img_30475.jpg
773	7.000000	7/img_36013.jpg
485	4.000000	4/img_40663.jpg
817	8.000000	8/img_14309.jpg
50	0.000000	0/img_30536.jpg
949	9.000000	9/img_28585.jpg
455	4.000000	4/img_29016.jpg
717	7.000000	7/img_1566.jpg
39	0.000000	0/img_28199.jpg
558	5.000000	5/img_30374.jpg
488	4.000000	4/img_41373.jpg
658	6.000000	6/img_30111.jpg
675	6.000000	6/img_36786.jpg
916	9.000000	9/img_15455.jpg
155	1.000000	1/img_33251.jpg
730	7.000000	7/img_19382.jpg
694	6.000000	6/img_7866.jpg
410	4.000000	4/img_13858.jpg
106	1.000000	1/img_11589.jpg
742	7.000000	7/img_23711.jpg
399	3.000000	3/img_9297.jpg
44	0.000000	0/img_29763.jpg
214	2.000000	2/img_14110.jpg
865	8.000000	8/img_29839.jpg
737	7.000000	7/img_21926.jpg
121	1.000000	1/img_1835.jpg
862	8.000000	8/img_28902.jpg
841	8.000000	8/img_2116.jpg
935	9.000000	9/img_23549.jpg
486	4.000000	4/img_41030.jpg
116	1.000000	1/img_16590.jpg
911	9.000000	9/img_14538.jpg
12	0.000000	0/img_14656.jpg
981	9.000000	9/img_40936.jpg
341	3.000000	3/img_24886.jpg
365	3.000000	3/img_33548.jpg
581	5.000000	5/img_39515.jpg
744	7.000000	7/img_2501.jpg
766	7.000000	7/img_34493.jpg
823	8.000000	8/img_17022.jpg
666	6.000000	6/img_340.jpg
221	2.000000	2/img_17519.jpg
636	6.000000	6/img_24812.jpg
537	5.000000	5/img_23166.jpg
317	3.000000	3/img_14839.jpg
224	2.000000	2/img_19541.jpg
609	6.000000	6/img_13815.jpg
800	8.000000	8/img_10.jpg
51	0.000000	0/img_3059.jpg
735	7.000000	7/img_20878.jpg
123	1.000000	1/img_20087.jpg
712	7.000000	7/img_14764.jpg
889	8.000000	8/img_4101.jpg
281	2.000000	2/img_40495.jpg
771	7.000000	7/img_35856.jpg
55	0.000000	0/img_31482.jpg
168	1.000000	1/img_39079.jpg
334	3.000000	3/img_20086.jpg
599	5.000000	5/img_9688.jpg
692	6.000000	6/img_7540.jpg
59	0.000000	0/img_33122.jpg
150	1.000000	1/img_30652.jpg
260	2.000000	2/img_32358.jpg
596	5.000000	5/img_9044.jpg
505	5.000000	5/img_12931.jpg
820	8.000000	8/img_14944.jpg
525	5.000000	5/img_20972.jpg
785	7.000000	7/img_41139.jpg
447	4.000000	4/img_26778.jpg
913	9.000000	9/img_14914.jpg
723	7.000000	7/img_17012.jpg
843	8.000000	8/img_21883.jpg
867	8.000000	8/img_29957.jpg
245	2.000000	2/img_26603.jpg
258	2.000000	2/img_32332.jpg
444	4.000000	4/img_24790.jpg
667	6.000000	6/img_34710.jpg
307	3.000000	3/img_11525.jpg
103	1.000000	1/img_10485.jpg
833	8.000000	8/img_19590.jpg
63	0.000000	0/img_33919.jpg
